#
# A fatal error has been detected by the Java Runtime Environment:
#
#  Internal Error (t:/workspace/open/src/hotspot/share/oops/generateOopMap.cpp:2162), pid=6632, tid=356
#  fatal error: Illegal class file encountered. Try running with -Xverify:all in method reorderDLM
#
# JRE version: Java(TM) SE Runtime Environment (10.0.2+13) (build 10.0.2+13)
# Java VM: Java HotSpot(TM) 64-Bit Server VM (10.0.2+13, mixed mode, tiered, compressed oops, g1 gc, windows-amd64)
# No core dump will be written. Minidumps are not enabled by default on client versions of Windows
#
# If you would like to submit a bug report, please visit:
#   http://bugreport.java.com/bugreport/crash.jsp
#

---------------  S U M M A R Y ------------

Command Line: -agentlib:jdwp=transport=dt_socket,suspend=y,address=localhost:55395 -Dfile.encoding=Cp1252 Design.Init

Host: Intel(R) Core(TM) i7-6500U CPU @ 2.50GHz, 4 cores, 7G,  Windows 10 , 64 bit Build 17134 (10.0.17134.1)
Time: Sat Jan 12 16:57:29 2019 ora solare Europa occidentale elapsed time: 140 seconds (0d 0h 2m 20s)

---------------  T H R E A D  ---------------

Current thread (0x000001af22c23800):  VMThread "VM Thread" [stack: 0x0000000de0700000,0x0000000de0800000] [id=356]

Stack: [0x0000000de0700000,0x0000000de0800000]
[error occurred during error reporting (printing stack bounds), id 0xe0000000]

Native frames: (J=compiled Java code, j=interpreted, Vv=VM code, C=native code)
V  [jvm.dll+0x5a01a9]
V  [jvm.dll+0x6bcf31]
V  [jvm.dll+0x6be126]
V  [jvm.dll+0x6be715]
V  [jvm.dll+0x6be6cb]
V  [jvm.dll+0x59f993]
V  [jvm.dll+0x59fda8]
C  [ntdll.dll+0x9f7dd]
C  [ntdll.dll+0xd856]
C  [ntdll.dll+0x9e70e]
C  0x000001af0cc00ead

VM_Operation (0x0000000de10ff3e0): GetOrSetLocal, mode: safepoint, requested by thread 0x000001af23753000


---------------  P R O C E S S  ---------------

Threads class SMR info:
_java_thread_list=0x000001af23ed86e0, length=18, elements={
0x000001af22c27800, 0x000001af22c33000, 0x000001af22c3f000, 0x000001af22c42000,
0x000001af22c49000, 0x000001af22c5c000, 0x000001af22c68800, 0x000001af22c6d000,
0x000001af23753000, 0x000001af23756800, 0x000001af23757000, 0x000001af23769800,
0x000001af23779000, 0x000001af23777800, 0x000001af23778800, 0x000001af23772000,
0x000001af23777000, 0x000001af23775000
}

Java Threads: ( => current thread )
  0x000001af22c27800 JavaThread "Reference Handler" daemon [_thread_blocked, id=6360, stack(0x0000000de0800000,0x0000000de0900000)]
  0x000001af22c33000 JavaThread "Finalizer" daemon [_thread_blocked, id=4648, stack(0x0000000de0900000,0x0000000de0a00000)]
  0x000001af22c3f000 JavaThread "Signal Dispatcher" daemon [_thread_blocked, id=12196, stack(0x0000000de0a00000,0x0000000de0b00000)]
  0x000001af22c42000 JavaThread "Attach Listener" daemon [_thread_blocked, id=10552, stack(0x0000000de0b00000,0x0000000de0c00000)]
  0x000001af22c49000 JavaThread "C2 CompilerThread0" daemon [_thread_blocked, id=10128, stack(0x0000000de0c00000,0x0000000de0d00000)]
  0x000001af22c5c000 JavaThread "C2 CompilerThread1" daemon [_thread_blocked, id=11072, stack(0x0000000de0d00000,0x0000000de0e00000)]
  0x000001af22c68800 JavaThread "C1 CompilerThread2" daemon [_thread_blocked, id=4024, stack(0x0000000de0e00000,0x0000000de0f00000)]
  0x000001af22c6d000 JavaThread "Sweeper thread" daemon [_thread_blocked, id=8960, stack(0x0000000de0f00000,0x0000000de1000000)]
  0x000001af23753000 JavaThread "JDWP Transport Listener: dt_socket" daemon [_thread_blocked, id=11544, stack(0x0000000de1000000,0x0000000de1100000)] _threads_hazard_ptr=0x000001af23ed86e0
  0x000001af23756800 JavaThread "JDWP Event Helper Thread" daemon [_thread_blocked, id=12748, stack(0x0000000de1100000,0x0000000de1200000)]
  0x000001af23757000 JavaThread "JDWP Command Reader" daemon [_thread_in_native, id=13296, stack(0x0000000de1200000,0x0000000de1300000)]
  0x000001af23769800 JavaThread "Service Thread" daemon [_thread_blocked, id=9600, stack(0x0000000de1300000,0x0000000de1400000)]
  0x000001af23779000 JavaThread "Common-Cleaner" daemon [_thread_blocked, id=4588, stack(0x0000000de1400000,0x0000000de1500000)]
  0x000001af23777800 JavaThread "Java2D Disposer" daemon [_thread_blocked, id=1120, stack(0x0000000de1600000,0x0000000de1700000)]
  0x000001af23778800 JavaThread "AWT-Shutdown" [_thread_blocked, id=9864, stack(0x0000000de1700000,0x0000000de1800000)]
  0x000001af23772000 JavaThread "AWT-Windows" daemon [_thread_in_native, id=11600, stack(0x0000000de1800000,0x0000000de1900000)]
  0x000001af23777000 JavaThread "AWT-EventQueue-0" [_thread_blocked, id=1184, stack(0x0000000de1900000,0x0000000de1a00000)]
  0x000001af23775000 JavaThread "DestroyJavaVM" [_thread_blocked, id=11068, stack(0x0000000ddfb00000,0x0000000ddfc00000)]

Other Threads:
=>0x000001af22c23800 VMThread "VM Thread" [stack: 0x0000000de0700000,0x0000000de0800000] [id=356]
  0x000001af236ce800 WatcherThread [stack: 0x0000000de1500000,0x0000000de1600000] [id=1984]
  0x000001af0546b800 GCTaskThread "GC Thread#0" [stack: 0x0000000ddfc00000,0x0000000ddfd00000] [id=13024]
  0x000001af0546d000 GCTaskThread "GC Thread#1" [stack: 0x0000000ddfd00000,0x0000000ddfe00000] [id=6684]
  0x000001af0546f800 GCTaskThread "GC Thread#2" [stack: 0x0000000ddfe00000,0x0000000ddff00000] [id=11344]
  0x000001af05477800 GCTaskThread "GC Thread#3" [stack: 0x0000000ddff00000,0x0000000de0000000] [id=3512]
  0x000001af054e3000 ConcurrentGCThread "G1 Main Marker" [stack: 0x0000000de0000000,0x0000000de0100000] [id=12752]
  0x000001af054ea800 ConcurrentGCThread "G1 Conc#0" [stack: 0x0000000de0100000,0x0000000de0200000] [id=960]
  0x000001af0552e800 ConcurrentGCThread "G1 Refine#0" [stack: 0x0000000de0200000,0x0000000de0300000] [id=8808]
  0x000001af22ab5800 ConcurrentGCThread "G1 Refine#1" [stack: 0x0000000de0300000,0x0000000de0400000] [id=5376]
  0x000001af22ab7000 ConcurrentGCThread "G1 Refine#2" [stack: 0x0000000de0400000,0x0000000de0500000] [id=9556]
  0x000001af22ab8800 ConcurrentGCThread "G1 Refine#3" [stack: 0x0000000de0500000,0x0000000de0600000] [id=11172]
  0x000001af22abc000 ConcurrentGCThread "G1 Young RemSet Sampling" [stack: 0x0000000de0600000,0x0000000de0700000] [id=4340]

Threads with active compile tasks:

VM state:at safepoint (normal execution)

VM Mutex/Monitor currently owned by a thread:  ([mutex/lock_event])
[0x000001af05449c90] Threads_lock - owner thread: 0x000001af22c23800

Heap address: 0x0000000081800000, size: 2024 MB, Compressed Oops mode: 32-bit
Narrow klass base: 0x0000000000000000, Narrow klass shift: 3
Compressed class space size: 1073741824 Address: 0x0000000100000000

Heap:
 garbage-first heap   total 131072K, used 10706K [0x0000000081800000, 0x0000000100000000)
  region size 1024K, 4 young (4096K), 1 survivors (1024K)
 Metaspace       used 15733K, capacity 16132K, committed 16384K, reserved 1062912K
  class space    used 1728K, capacity 1944K, committed 2048K, reserved 1048576K
Heap Regions: E=young(eden), S=young(survivor), O=old, HS=humongous(starts), HC=humongous(continues), CS=collection set, F=free, A=archive, TS=gc time stamp, AC=allocation context, TAMS=top-at-mark-start (previous, next)
|   0|0x0000000081800000, 0x0000000081900000, 0x0000000081900000|100%| O|  |TS  1|AC  0|TAMS 0x0000000081800000, 0x0000000081800000|
|   1|0x0000000081900000, 0x0000000081a00000, 0x0000000081a00000|100%| O|  |TS  2|AC  0|TAMS 0x0000000081900000, 0x0000000081900000|
|   2|0x0000000081a00000, 0x0000000081b00000, 0x0000000081b00000|100%|HS|  |TS  0|AC  0|TAMS 0x0000000081a00000, 0x0000000081a00000|
|   3|0x0000000081b00000, 0x0000000081c00000, 0x0000000081c00000|100%|HC|  |TS  0|AC  0|TAMS 0x0000000081b00000, 0x0000000081b00000|
|   4|0x0000000081c00000, 0x0000000081d00000, 0x0000000081d00000|100%|HC|  |TS  0|AC  0|TAMS 0x0000000081c00000, 0x0000000081c00000|
|   5|0x0000000081d00000, 0x0000000081e00000, 0x0000000081e00000|100%|HC|  |TS  0|AC  0|TAMS 0x0000000081d00000, 0x0000000081d00000|
|   6|0x0000000081e00000, 0x0000000081f00000, 0x0000000081f00000|100%| O|  |TS  2|AC  0|TAMS 0x0000000081e00000, 0x0000000081e00000|
|   7|0x0000000081f00000, 0x0000000081fda600, 0x0000000082000000| 85%| O|  |TS  2|AC  0|TAMS 0x0000000081f00000, 0x0000000081f00000|
|   8|0x0000000082000000, 0x0000000082000000, 0x0000000082100000|  0%| F|  |TS  0|AC  0|TAMS 0x0000000082000000, 0x0000000082000000|
|   9|0x0000000082100000, 0x0000000082100000, 0x0000000082200000|  0%| F|  |TS  0|AC  0|TAMS 0x0000000082100000, 0x0000000082100000|
|  10|0x0000000082200000, 0x0000000082200000, 0x0000000082300000|  0%| F|  |TS  0|AC  0|TAMS 0x0000000082200000, 0x0000000082200000|
|  11|0x0000000082300000, 0x0000000082300000, 0x0000000082400000|  0%| F|  |TS  0|AC  0|TAMS 0x0000000082300000, 0x0000000082300000|
|  12|0x0000000082400000, 0x0000000082400000, 0x0000000082500000|  0%| F|  |TS  0|AC  0|TAMS 0x0000000082400000, 0x0000000082400000|
|  13|0x0000000082500000, 0x0000000082500000, 0x0000000082600000|  0%| F|  |TS  0|AC  0|TAMS 0x0000000082500000, 0x0000000082500000|
|  14|0x0000000082600000, 0x0000000082600000, 0x0000000082700000|  0%| F|  |TS  0|AC  0|TAMS 0x0000000082600000, 0x0000000082600000|
|  15|0x0000000082700000, 0x0000000082700000, 0x0000000082800000|  0%| F|  |TS  0|AC  0|TAMS 0x0000000082700000, 0x0000000082700000|
|  16|0x0000000082800000, 0x0000000082800000, 0x0000000082900000|  0%| F|  |TS  0|AC  0|TAMS 0x0000000082800000, 0x0000000082800000|
|  17|0x0000000082900000, 0x0000000082900000, 0x0000000082a00000|  0%| F|  |TS  0|AC  0|TAMS 0x0000000082900000, 0x0000000082900000|
|  18|0x0000000082a00000, 0x0000000082a00000, 0x0000000082b00000|  0%| F|  |TS  0|AC  0|TAMS 0x0000000082a00000, 0x0000000082a00000|
|  19|0x0000000082b00000, 0x0000000082b00000, 0x0000000082c00000|  0%| F|  |TS  0|AC  0|TAMS 0x0000000082b00000, 0x0000000082b00000|
|  20|0x0000000082c00000, 0x0000000082c00000, 0x0000000082d00000|  0%| F|  |TS  0|AC  0|TAMS 0x0000000082c00000, 0x0000000082c00000|
|  21|0x0000000082d00000, 0x0000000082d00000, 0x0000000082e00000|  0%| F|  |TS  0|AC  0|TAMS 0x0000000082d00000, 0x0000000082d00000|
|  22|0x0000000082e00000, 0x0000000082e00000, 0x0000000082f00000|  0%| F|  |TS  0|AC  0|TAMS 0x0000000082e00000, 0x0000000082e00000|
|  23|0x0000000082f00000, 0x0000000082f00000, 0x0000000083000000|  0%| F|  |TS  0|AC  0|TAMS 0x0000000082f00000, 0x0000000082f00000|
|  24|0x0000000083000000, 0x0000000083000000, 0x0000000083100000|  0%| F|  |TS  0|AC  0|TAMS 0x0000000083000000, 0x0000000083000000|
|  25|0x0000000083100000, 0x0000000083100000, 0x0000000083200000|  0%| F|  |TS  0|AC  0|TAMS 0x0000000083100000, 0x0000000083100000|
|  26|0x0000000083200000, 0x0000000083200000, 0x0000000083300000|  0%| F|  |TS  0|AC  0|TAMS 0x0000000083200000, 0x0000000083200000|
|  27|0x0000000083300000, 0x0000000083300000, 0x0000000083400000|  0%| F|  |TS  0|AC  0|TAMS 0x0000000083300000, 0x0000000083300000|
|  28|0x0000000083400000, 0x0000000083400000, 0x0000000083500000|  0%| F|  |TS  0|AC  0|TAMS 0x0000000083400000, 0x0000000083400000|
|  29|0x0000000083500000, 0x0000000083500000, 0x0000000083600000|  0%| F|  |TS  0|AC  0|TAMS 0x0000000083500000, 0x0000000083500000|
|  30|0x0000000083600000, 0x0000000083600000, 0x0000000083700000|  0%| F|  |TS  0|AC  0|TAMS 0x0000000083600000, 0x0000000083600000|
|  31|0x0000000083700000, 0x0000000083700000, 0x0000000083800000|  0%| F|  |TS  0|AC  0|TAMS 0x0000000083700000, 0x0000000083700000|
|  32|0x0000000083800000, 0x0000000083800000, 0x0000000083900000|  0%| F|  |TS  0|AC  0|TAMS 0x0000000083800000, 0x0000000083800000|
|  33|0x0000000083900000, 0x0000000083900000, 0x0000000083a00000|  0%| F|  |TS  0|AC  0|TAMS 0x0000000083900000, 0x0000000083900000|
|  34|0x0000000083a00000, 0x0000000083a00000, 0x0000000083b00000|  0%| F|  |TS  0|AC  0|TAMS 0x0000000083a00000, 0x0000000083a00000|
|  35|0x0000000083b00000, 0x0000000083b00000, 0x0000000083c00000|  0%| F|  |TS  0|AC  0|TAMS 0x0000000083b00000, 0x0000000083b00000|
|  36|0x0000000083c00000, 0x0000000083c00000, 0x0000000083d00000|  0%| F|  |TS  0|AC  0|TAMS 0x0000000083c00000, 0x0000000083c00000|
|  37|0x0000000083d00000, 0x0000000083d00000, 0x0000000083e00000|  0%| F|  |TS  0|AC  0|TAMS 0x0000000083d00000, 0x0000000083d00000|
|  38|0x0000000083e00000, 0x0000000083e00000, 0x0000000083f00000|  0%| F|  |TS  0|AC  0|TAMS 0x0000000083e00000, 0x0000000083e00000|
|  39|0x0000000083f00000, 0x0000000083f00000, 0x0000000084000000|  0%| F|  |TS  0|AC  0|TAMS 0x0000000083f00000, 0x0000000083f00000|
|  40|0x0000000084000000, 0x0000000084000000, 0x0000000084100000|  0%| F|  |TS  0|AC  0|TAMS 0x0000000084000000, 0x0000000084000000|
|  41|0x0000000084100000, 0x0000000084100000, 0x0000000084200000|  0%| F|  |TS  0|AC  0|TAMS 0x0000000084100000, 0x0000000084100000|
|  42|0x0000000084200000, 0x0000000084200000, 0x0000000084300000|  0%| F|  |TS  0|AC  0|TAMS 0x0000000084200000, 0x0000000084200000|
|  43|0x0000000084300000, 0x0000000084300000, 0x0000000084400000|  0%| F|  |TS  0|AC  0|TAMS 0x0000000084300000, 0x0000000084300000|
|  44|0x0000000084400000, 0x0000000084400000, 0x0000000084500000|  0%| F|  |TS  0|AC  0|TAMS 0x0000000084400000, 0x0000000084400000|
|  45|0x0000000084500000, 0x0000000084500000, 0x0000000084600000|  0%| F|  |TS  0|AC  0|TAMS 0x0000000084500000, 0x0000000084500000|
|  46|0x0000000084600000, 0x0000000084600000, 0x0000000084700000|  0%| F|  |TS  0|AC  0|TAMS 0x0000000084600000, 0x0000000084600000|
|  47|0x0000000084700000, 0x0000000084700000, 0x0000000084800000|  0%| F|  |TS  0|AC  0|TAMS 0x0000000084700000, 0x0000000084700000|
|  48|0x0000000084800000, 0x0000000084800000, 0x0000000084900000|  0%| F|  |TS  0|AC  0|TAMS 0x0000000084800000, 0x0000000084800000|
|  49|0x0000000084900000, 0x0000000084900000, 0x0000000084a00000|  0%| F|  |TS  0|AC  0|TAMS 0x0000000084900000, 0x0000000084900000|
|  50|0x0000000084a00000, 0x0000000084a00000, 0x0000000084b00000|  0%| F|  |TS  0|AC  0|TAMS 0x0000000084a00000, 0x0000000084a00000|
|  51|0x0000000084b00000, 0x0000000084b00000, 0x0000000084c00000|  0%| F|  |TS  0|AC  0|TAMS 0x0000000084b00000, 0x0000000084b00000|
|  52|0x0000000084c00000, 0x0000000084c00000, 0x0000000084d00000|  0%| F|  |TS  0|AC  0|TAMS 0x0000000084c00000, 0x0000000084c00000|
|  53|0x0000000084d00000, 0x0000000084d00000, 0x0000000084e00000|  0%| F|  |TS  0|AC  0|TAMS 0x0000000084d00000, 0x0000000084d00000|
|  54|0x0000000084e00000, 0x0000000084e00000, 0x0000000084f00000|  0%| F|  |TS  0|AC  0|TAMS 0x0000000084e00000, 0x0000000084e00000|
|  55|0x0000000084f00000, 0x0000000084f00000, 0x0000000085000000|  0%| F|  |TS  0|AC  0|TAMS 0x0000000084f00000, 0x0000000084f00000|
|  56|0x0000000085000000, 0x0000000085000000, 0x0000000085100000|  0%| F|  |TS  0|AC  0|TAMS 0x0000000085000000, 0x0000000085000000|
|  57|0x0000000085100000, 0x0000000085100000, 0x0000000085200000|  0%| F|  |TS  0|AC  0|TAMS 0x0000000085100000, 0x0000000085100000|
|  58|0x0000000085200000, 0x0000000085200000, 0x0000000085300000|  0%| F|  |TS  0|AC  0|TAMS 0x0000000085200000, 0x0000000085200000|
|  59|0x0000000085300000, 0x0000000085300000, 0x0000000085400000|  0%| F|  |TS  0|AC  0|TAMS 0x0000000085300000, 0x0000000085300000|
|  60|0x0000000085400000, 0x0000000085400000, 0x0000000085500000|  0%| F|  |TS  0|AC  0|TAMS 0x0000000085400000, 0x0000000085400000|
|  61|0x0000000085500000, 0x0000000085500000, 0x0000000085600000|  0%| F|  |TS  0|AC  0|TAMS 0x0000000085500000, 0x0000000085500000|
|  62|0x0000000085600000, 0x0000000085600000, 0x0000000085700000|  0%| F|  |TS  0|AC  0|TAMS 0x0000000085600000, 0x0000000085600000|
|  63|0x0000000085700000, 0x0000000085700000, 0x0000000085800000|  0%| F|  |TS  0|AC  0|TAMS 0x0000000085700000, 0x0000000085700000|
|  64|0x0000000085800000, 0x0000000085800000, 0x0000000085900000|  0%| F|  |TS  0|AC  0|TAMS 0x0000000085800000, 0x0000000085800000|
|  65|0x0000000085900000, 0x0000000085900000, 0x0000000085a00000|  0%| F|  |TS  0|AC  0|TAMS 0x0000000085900000, 0x0000000085900000|
|  66|0x0000000085a00000, 0x0000000085a00000, 0x0000000085b00000|  0%| F|  |TS  0|AC  0|TAMS 0x0000000085a00000, 0x0000000085a00000|
|  67|0x0000000085b00000, 0x0000000085b00000, 0x0000000085c00000|  0%| F|  |TS  0|AC  0|TAMS 0x0000000085b00000, 0x0000000085b00000|
|  68|0x0000000085c00000, 0x0000000085c00000, 0x0000000085d00000|  0%| F|  |TS  0|AC  0|TAMS 0x0000000085c00000, 0x0000000085c00000|
|  69|0x0000000085d00000, 0x0000000085d00000, 0x0000000085e00000|  0%| F|  |TS  0|AC  0|TAMS 0x0000000085d00000, 0x0000000085d00000|
|  70|0x0000000085e00000, 0x0000000085e00000, 0x0000000085f00000|  0%| F|  |TS  0|AC  0|TAMS 0x0000000085e00000, 0x0000000085e00000|
|  71|0x0000000085f00000, 0x0000000085f00000, 0x0000000086000000|  0%| F|  |TS  0|AC  0|TAMS 0x0000000085f00000, 0x0000000085f00000|
|  72|0x0000000086000000, 0x0000000086000000, 0x0000000086100000|  0%| F|  |TS  0|AC  0|TAMS 0x0000000086000000, 0x0000000086000000|
|  73|0x0000000086100000, 0x0000000086100000, 0x0000000086200000|  0%| F|  |TS  0|AC  0|TAMS 0x0000000086100000, 0x0000000086100000|
|  74|0x0000000086200000, 0x0000000086200000, 0x0000000086300000|  0%| F|  |TS  0|AC  0|TAMS 0x0000000086200000, 0x0000000086200000|
|  75|0x0000000086300000, 0x0000000086300000, 0x0000000086400000|  0%| F|  |TS  0|AC  0|TAMS 0x0000000086300000, 0x0000000086300000|
|  76|0x0000000086400000, 0x0000000086400000, 0x0000000086500000|  0%| F|  |TS  0|AC  0|TAMS 0x0000000086400000, 0x0000000086400000|
|  77|0x0000000086500000, 0x0000000086500000, 0x0000000086600000|  0%| F|  |TS  0|AC  0|TAMS 0x0000000086500000, 0x0000000086500000|
|  78|0x0000000086600000, 0x0000000086600000, 0x0000000086700000|  0%| F|  |TS  0|AC  0|TAMS 0x0000000086600000, 0x0000000086600000|
|  79|0x0000000086700000, 0x0000000086700000, 0x0000000086800000|  0%| F|  |TS  0|AC  0|TAMS 0x0000000086700000, 0x0000000086700000|
|  80|0x0000000086800000, 0x0000000086800000, 0x0000000086900000|  0%| F|  |TS  0|AC  0|TAMS 0x0000000086800000, 0x0000000086800000|
|  81|0x0000000086900000, 0x0000000086900000, 0x0000000086a00000|  0%| F|  |TS  0|AC  0|TAMS 0x0000000086900000, 0x0000000086900000|
|  82|0x0000000086a00000, 0x0000000086a00000, 0x0000000086b00000|  0%| F|  |TS  0|AC  0|TAMS 0x0000000086a00000, 0x0000000086a00000|
|  83|0x0000000086b00000, 0x0000000086b00000, 0x0000000086c00000|  0%| F|  |TS  0|AC  0|TAMS 0x0000000086b00000, 0x0000000086b00000|
|  84|0x0000000086c00000, 0x0000000086c00000, 0x0000000086d00000|  0%| F|  |TS  0|AC  0|TAMS 0x0000000086c00000, 0x0000000086c00000|
|  85|0x0000000086d00000, 0x0000000086d00000, 0x0000000086e00000|  0%| F|  |TS  0|AC  0|TAMS 0x0000000086d00000, 0x0000000086d00000|
|  86|0x0000000086e00000, 0x0000000086e00000, 0x0000000086f00000|  0%| F|  |TS  0|AC  0|TAMS 0x0000000086e00000, 0x0000000086e00000|
|  87|0x0000000086f00000, 0x0000000086f00000, 0x0000000087000000|  0%| F|  |TS  0|AC  0|TAMS 0x0000000086f00000, 0x0000000086f00000|
|  88|0x0000000087000000, 0x0000000087000000, 0x0000000087100000|  0%| F|  |TS  0|AC  0|TAMS 0x0000000087000000, 0x0000000087000000|
|  89|0x0000000087100000, 0x0000000087100000, 0x0000000087200000|  0%| F|  |TS  0|AC  0|TAMS 0x0000000087100000, 0x0000000087100000|
|  90|0x0000000087200000, 0x0000000087200000, 0x0000000087300000|  0%| F|  |TS  0|AC  0|TAMS 0x0000000087200000, 0x0000000087200000|
|  91|0x0000000087300000, 0x0000000087300000, 0x0000000087400000|  0%| F|  |TS  0|AC  0|TAMS 0x0000000087300000, 0x0000000087300000|
|  92|0x0000000087400000, 0x0000000087400000, 0x0000000087500000|  0%| F|  |TS  0|AC  0|TAMS 0x0000000087400000, 0x0000000087400000|
|  93|0x0000000087500000, 0x0000000087500000, 0x0000000087600000|  0%| F|  |TS  0|AC  0|TAMS 0x0000000087500000, 0x0000000087500000|
|  94|0x0000000087600000, 0x0000000087600000, 0x0000000087700000|  0%| F|  |TS  0|AC  0|TAMS 0x0000000087600000, 0x0000000087600000|
|  95|0x0000000087700000, 0x0000000087700000, 0x0000000087800000|  0%| F|  |TS  0|AC  0|TAMS 0x0000000087700000, 0x0000000087700000|
|  96|0x0000000087800000, 0x0000000087800000, 0x0000000087900000|  0%| F|  |TS  0|AC  0|TAMS 0x0000000087800000, 0x0000000087800000|
|  97|0x0000000087900000, 0x0000000087900000, 0x0000000087a00000|  0%| F|  |TS  0|AC  0|TAMS 0x0000000087900000, 0x0000000087900000|
|  98|0x0000000087a00000, 0x0000000087a00000, 0x0000000087b00000|  0%| F|  |TS  0|AC  0|TAMS 0x0000000087a00000, 0x0000000087a00000|
|  99|0x0000000087b00000, 0x0000000087b00000, 0x0000000087c00000|  0%| F|  |TS  0|AC  0|TAMS 0x0000000087b00000, 0x0000000087b00000|
| 100|0x0000000087c00000, 0x0000000087c00000, 0x0000000087d00000|  0%| F|  |TS  0|AC  0|TAMS 0x0000000087c00000, 0x0000000087c00000|
| 101|0x0000000087d00000, 0x0000000087d00000, 0x0000000087e00000|  0%| F|  |TS  0|AC  0|TAMS 0x0000000087d00000, 0x0000000087d00000|
| 102|0x0000000087e00000, 0x0000000087e00000, 0x0000000087f00000|  0%| F|  |TS  0|AC  0|TAMS 0x0000000087e00000, 0x0000000087e00000|
| 103|0x0000000087f00000, 0x0000000087f00000, 0x0000000088000000|  0%| F|  |TS  0|AC  0|TAMS 0x0000000087f00000, 0x0000000087f00000|
| 104|0x0000000088000000, 0x0000000088000000, 0x0000000088100000|  0%| F|  |TS  0|AC  0|TAMS 0x0000000088000000, 0x0000000088000000|
| 105|0x0000000088100000, 0x0000000088100000, 0x0000000088200000|  0%| F|  |TS  0|AC  0|TAMS 0x0000000088100000, 0x0000000088100000|
| 106|0x0000000088200000, 0x0000000088200000, 0x0000000088300000|  0%| F|  |TS  0|AC  0|TAMS 0x0000000088200000, 0x0000000088200000|
| 107|0x0000000088300000, 0x0000000088300000, 0x0000000088400000|  0%| F|  |TS  0|AC  0|TAMS 0x0000000088300000, 0x0000000088300000|
| 108|0x0000000088400000, 0x0000000088400000, 0x0000000088500000|  0%| F|  |TS  0|AC  0|TAMS 0x0000000088400000, 0x0000000088400000|
| 109|0x0000000088500000, 0x0000000088500000, 0x0000000088600000|  0%| F|  |TS  0|AC  0|TAMS 0x0000000088500000, 0x0000000088500000|
| 110|0x0000000088600000, 0x0000000088600000, 0x0000000088700000|  0%| F|  |TS  0|AC  0|TAMS 0x0000000088600000, 0x0000000088600000|
| 111|0x0000000088700000, 0x0000000088700000, 0x0000000088800000|  0%| F|  |TS  0|AC  0|TAMS 0x0000000088700000, 0x0000000088700000|
| 112|0x0000000088800000, 0x0000000088800000, 0x0000000088900000|  0%| F|  |TS  2|AC  0|TAMS 0x0000000088800000, 0x0000000088800000|
| 113|0x0000000088900000, 0x0000000088900000, 0x0000000088a00000|  0%| F|  |TS  2|AC  0|TAMS 0x0000000088900000, 0x0000000088900000|
| 114|0x0000000088a00000, 0x0000000088a00000, 0x0000000088b00000|  0%| F|  |TS  1|AC  0|TAMS 0x0000000088a00000, 0x0000000088a00000|
| 115|0x0000000088b00000, 0x0000000088b00000, 0x0000000088c00000|  0%| F|  |TS  1|AC  0|TAMS 0x0000000088b00000, 0x0000000088b00000|
| 116|0x0000000088c00000, 0x0000000088c00000, 0x0000000088d00000|  0%| F|  |TS  1|AC  0|TAMS 0x0000000088c00000, 0x0000000088c00000|
| 117|0x0000000088d00000, 0x0000000088d00000, 0x0000000088e00000|  0%| F|  |TS  1|AC  0|TAMS 0x0000000088d00000, 0x0000000088d00000|
| 118|0x0000000088e00000, 0x0000000088e00000, 0x0000000088f00000|  0%| F|  |TS  1|AC  0|TAMS 0x0000000088e00000, 0x0000000088e00000|
| 119|0x0000000088f00000, 0x0000000088f00000, 0x0000000089000000|  0%| F|  |TS  1|AC  0|TAMS 0x0000000088f00000, 0x0000000088f00000|
| 120|0x0000000089000000, 0x0000000089000000, 0x0000000089100000|  0%| F|  |TS  1|AC  0|TAMS 0x0000000089000000, 0x0000000089000000|
| 121|0x0000000089100000, 0x0000000089100000, 0x0000000089200000|  0%| F|  |TS  1|AC  0|TAMS 0x0000000089100000, 0x0000000089100000|
| 122|0x0000000089200000, 0x0000000089200000, 0x0000000089300000|  0%| F|  |TS  1|AC  0|TAMS 0x0000000089200000, 0x0000000089200000|
| 123|0x0000000089300000, 0x000000008939a338, 0x0000000089400000| 60%| S|CS|TS  2|AC  0|TAMS 0x0000000089300000, 0x0000000089300000|
| 124|0x0000000089400000, 0x0000000089400000, 0x0000000089500000|  0%| F|  |TS  2|AC  0|TAMS 0x0000000089400000, 0x0000000089400000|
| 125|0x0000000089500000, 0x0000000089500800, 0x0000000089600000|  0%| E|  |TS  2|AC  0|TAMS 0x0000000089500000, 0x0000000089500000|
| 126|0x0000000089600000, 0x0000000089700000, 0x0000000089700000|100%| E|CS|TS  2|AC  0|TAMS 0x0000000089600000, 0x0000000089600000|
| 127|0x0000000089700000, 0x0000000089800000, 0x0000000089800000|100%| E|CS|TS  2|AC  0|TAMS 0x0000000089700000, 0x0000000089700000|

Card table byte_map: [0x000001af1c000000,0x000001af1c400000] byte_map_base: 0x000001af1bbf4000

Marking Bits (Prev, Next): (CMBitMap*) 0x000001af054e2550, (CMBitMap*) 0x000001af054e2588
 Prev Bits: [0x000001af1c800000, 0x000001af1e7a0000)
 Next Bits: [0x000001af1e7a0000, 0x000001af20740000)

Polling page: 0x000001af032f0000

CodeHeap 'non-profiled nmethods': size=120064Kb used=615Kb max_used=615Kb free=119448Kb
 bounds [0x000001af146c0000, 0x000001af14930000, 0x000001af1bc00000]
CodeHeap 'profiled nmethods': size=120000Kb used=2962Kb max_used=2962Kb free=117037Kb
 bounds [0x000001af0d190000, 0x000001af0d480000, 0x000001af146c0000]
CodeHeap 'non-nmethods': size=5696Kb used=1282Kb max_used=1300Kb free=4413Kb
 bounds [0x000001af0cc00000, 0x000001af0ce70000, 0x000001af0d190000]
 total_blobs=2534 nmethods=1674 adapters=487
 compilation: enabled

Compilation events (10 events):
Event: 8.712 Thread 0x000001af22c68800 1673       1       javax.swing.ActionMap::getParent (5 bytes)
Event: 8.712 Thread 0x000001af22c68800 nmethod 1673 0x000001af14758a10 code [0x000001af14758bc0, 0x000001af14758cd8]
Event: 8.712 Thread 0x000001af22c68800 1676       3       java.awt.Component::getToolkit (5 bytes)
Event: 8.713 Thread 0x000001af22c49000 nmethod 1668 0x000001af14758d90 code [0x000001af14758f20, 0x000001af14759058]
Event: 8.713 Thread 0x000001af22c68800 nmethod 1676 0x000001af0d472510 code [0x000001af0d472780, 0x000001af0d473210]
Event: 8.713 Thread 0x000001af22c68800 1677       3       javax.swing.JComponent::setForeground (42 bytes)
Event: 8.714 Thread 0x000001af22c68800 nmethod 1677 0x000001af0d473610 code [0x000001af0d473860, 0x000001af0d4747b0]
Event: 8.714 Thread 0x000001af22c68800 1674       1       javax.swing.ActionMap::setParent (6 bytes)
Event: 8.714 Thread 0x000001af22c68800 nmethod 1674 0x000001af14759190 code [0x000001af14759340, 0x000001af14759498]
Event: 8.717 Thread 0x000001af22c5c000 nmethod 1675 0x000001af14759510 code [0x000001af147596c0, 0x000001af14759c98]

GC Heap History (4 events):
Event: 4.045 GC heap before
{Heap before GC invocations=0 (full 0):
 garbage-first heap   total 131072K, used 14336K [0x0000000081800000, 0x0000000100000000)
  region size 1024K, 14 young (14336K), 0 survivors (0K)
 Metaspace       used 14579K, capacity 15022K, committed 15232K, reserved 1062912K
  class space    used 1612K, capacity 1813K, committed 1920K, reserved 1048576K
}
Event: 4.057 GC heap after
{Heap after GC invocations=1 (full 0):
 garbage-first heap   total 131072K, used 3631K [0x0000000081800000, 0x0000000100000000)
  region size 1024K, 2 young (2048K), 2 survivors (2048K)
 Metaspace       used 14579K, capacity 15022K, committed 15232K, reserved 1062912K
  class space    used 1612K, capacity 1813K, committed 1920K, reserved 1048576K
}
Event: 5.025 GC heap before
{Heap before GC invocations=1 (full 0):
 garbage-first heap   total 131072K, used 11823K [0x0000000081800000, 0x0000000100000000)
  region size 1024K, 6 young (6144K), 2 survivors (2048K)
 Metaspace       used 14793K, capacity 15218K, committed 15488K, reserved 1062912K
  class space    used 1618K, capacity 1813K, committed 1920K, reserved 1048576K
}
Event: 5.033 GC heap after
{Heap after GC invocations=2 (full 0):
 garbage-first heap   total 131072K, used 8658K [0x0000000081800000, 0x0000000100000000)
  region size 1024K, 1 young (1024K), 1 survivors (1024K)
 Metaspace       used 14793K, capacity 15218K, committed 15488K, reserved 1062912K
  class space    used 1618K, capacity 1813K, committed 1920K, reserved 1048576K
}

Deoptimization events (10 events):
Event: 2.897 Thread 0x000001af23777000 Uncommon trap: reason=bimorphic_or_optimized_type_check action=maybe_recompile pc=0x000001af146f67f0 method=java.util.concurrent.ConcurrentHashMap.get(Ljava/lang/Object;)Ljava/lang/Object; @ 149 c2
Event: 3.905 Thread 0x000001af23777000 Uncommon trap: reason=unstable_if action=reinterpret pc=0x000001af147255b8 method=InternetManager.Controller.control(Ljava/lang/String;)V @ 18 c2
Event: 4.072 Thread 0x000001af23777000 Uncommon trap: reason=unstable_if action=reinterpret pc=0x000001af1472f774 method=java.lang.ref.SoftReference.get()Ljava/lang/Object; @ 17 c2
Event: 4.183 Thread 0x000001af23777000 Uncommon trap: reason=bimorphic_or_optimized_type_check action=maybe_recompile pc=0x000001af146f67f0 method=java.util.concurrent.ConcurrentHashMap.get(Ljava/lang/Object;)Ljava/lang/Object; @ 149 c2
Event: 4.184 Thread 0x000001af23777000 Uncommon trap: reason=bimorphic_or_optimized_type_check action=maybe_recompile pc=0x000001af146f67f0 method=java.util.concurrent.ConcurrentHashMap.get(Ljava/lang/Object;)Ljava/lang/Object; @ 149 c2
Event: 5.094 Thread 0x000001af23777000 Uncommon trap: reason=class_check action=maybe_recompile pc=0x000001af147301d0 method=java.util.HashMap.getNode(ILjava/lang/Object;)Ljava/util/HashMap$Node; @ 126 c2
Event: 5.094 Thread 0x000001af23777000 Uncommon trap: reason=class_check action=maybe_recompile pc=0x000001af147301d0 method=java.util.HashMap.getNode(ILjava/lang/Object;)Ljava/util/HashMap$Node; @ 126 c2
Event: 5.094 Thread 0x000001af23777000 Uncommon trap: reason=class_check action=maybe_recompile pc=0x000001af147301d0 method=java.util.HashMap.getNode(ILjava/lang/Object;)Ljava/util/HashMap$Node; @ 126 c2
Event: 5.094 Thread 0x000001af23777000 Uncommon trap: reason=class_check action=maybe_recompile pc=0x000001af147301d0 method=java.util.HashMap.getNode(ILjava/lang/Object;)Ljava/util/HashMap$Node; @ 126 c2
Event: 5.094 Thread 0x000001af23777000 Uncommon trap: reason=class_check action=maybe_recompile pc=0x000001af1472b460 method=java.util.HashMap.getNode(ILjava/lang/Object;)Ljava/util/HashMap$Node; @ 126 c2

Classes redefined (2 events):
Event: 91.742 Thread 0x000001af22c23800 redefined class name=Design.Utils, count=1
Event: 140.194 Thread 0x000001af22c23800 redefined class name=Design.Utils, count=2

Internal exceptions (10 events):
Event: 1.307 Thread 0x000001af23773000 Exception <a 'java/lang/NoSuchMethodError'{0x0000000088fb61f0}: method resolution failed> (0x0000000088fb61f0) thrown at [t:/workspace/open/src/hotspot/share/prims/methodHandles.cpp, line 1226]
Event: 1.344 Thread 0x000001af23777000 Exception <a 'java/lang/NoSuchMethodError'{0x0000000088fe03d0}: java.lang.invoke.DirectMethodHandle$Holder.invokeStaticInit(Ljava/lang/Object;)V> (0x0000000088fe03d0) thrown at [t:/workspace/open/src/hotspot/share/interpreter/linkResolver.cpp, line 741]
Event: 1.393 Thread 0x000001af23777000 Exception <a 'java/lang/NoSuchMethodError'{0x0000000088d4c090}: java.lang.invoke.DirectMethodHandle$Holder.invokeStatic(Ljava/lang/Object;Ljava/lang/Object;Ljava/lang/Object;Ljava/lang/Object;Ljava/lang/Object;Ljava/lang/Object;Ljava/lang/Object;Ljava/lan
Event: 1.396 Thread 0x000001af23777000 Exception <a 'java/lang/NoSuchMethodError'{0x0000000088d6ca28}: java.lang.invoke.DirectMethodHandle$Holder.invokeStatic(Ljava/lang/Object;Ljava/lang/Object;Ljava/lang/Object;Ljava/lang/Object;Ljava/lang/Object;Ljava/lang/Object;Ljava/lang/Object;Ljava/lan
Event: 1.400 Thread 0x000001af23777000 Exception <a 'java/lang/NoSuchMethodError'{0x0000000088d8e408}: java.lang.invoke.DirectMethodHandle$Holder.invokeStatic(Ljava/lang/Object;Ljava/lang/Object;Ljava/lang/Object;Ljava/lang/Object;Ljava/lang/Object;Ljava/lang/Object;Ljava/lang/Object;Ljava/lan
Event: 1.446 Thread 0x000001af23777000 Exception <a 'java/lang/NoSuchMethodError'{0x0000000088c77d78}: java.lang.invoke.DirectMethodHandle$Holder.invokeStatic(Ljava/lang/Object;Ljava/lang/Object;Ljava/lang/Object;Ljava/lang/Object;Ljava/lang/Object;Ljava/lang/Object;Ljava/lang/Object;Ljava/lan
Event: 4.125 Thread 0x000001af23777000 Exception <a 'java/io/FileNotFoundException'{0x0000000089684728}> (0x0000000089684728) thrown at [t:/workspace/open/src/hotspot/share/prims/jni.cpp, line 611]
Event: 4.140 Thread 0x000001af23777000 Exception <a 'java/io/FileNotFoundException'{0x00000000896cd948}> (0x00000000896cd948) thrown at [t:/workspace/open/src/hotspot/share/prims/jni.cpp, line 611]
Event: 4.151 Thread 0x000001af23777000 Exception <a 'java/io/FileNotFoundException'{0x0000000089511a30}> (0x0000000089511a30) thrown at [t:/workspace/open/src/hotspot/share/prims/jni.cpp, line 611]
Event: 4.163 Thread 0x000001af23777000 Exception <a 'java/io/FileNotFoundException'{0x000000008955a7d0}> (0x000000008955a7d0) thrown at [t:/workspace/open/src/hotspot/share/prims/jni.cpp, line 611]

Events (10 events):
Event: 140.214 Executing nested VM operation: Deoptimize
Event: 140.214 Executing nested VM operation: Deoptimize done
Event: 140.214 Executing VM operation: EnterInterpOnlyMode done
Event: 140.214 Executing VM operation: GetCurrentLocation
Event: 140.214 Executing VM operation: GetCurrentLocation done
Event: 140.214 Executing VM operation: ChangeSingleStep
Event: 140.214 Executing VM operation: ChangeSingleStep done
Event: 140.214 Executing VM operation: GetFrameLocation
Event: 140.214 Executing VM operation: GetFrameLocation done
Event: 140.215 Executing VM operation: GetOrSetLocal


Dynamic libraries:
0x00007ff726ce0000 - 0x00007ff726d1e000 	C:\Program Files\Java\jre-10.0.2\bin\javaw.exe
0x00007ff918150000 - 0x00007ff918331000 	C:\WINDOWS\SYSTEM32\ntdll.dll
0x00007ff9156c0000 - 0x00007ff915772000 	C:\WINDOWS\System32\KERNEL32.DLL
0x00007ff9147c0000 - 0x00007ff914a33000 	C:\WINDOWS\System32\KERNELBASE.dll
0x00007ff916bf0000 - 0x00007ff916c91000 	C:\WINDOWS\System32\ADVAPI32.dll
0x00007ff916b50000 - 0x00007ff916bee000 	C:\WINDOWS\System32\msvcrt.dll
0x00007ff916330000 - 0x00007ff91638b000 	C:\WINDOWS\System32\sechost.dll
0x00007ff915b90000 - 0x00007ff915cb4000 	C:\WINDOWS\System32\RPCRT4.dll
0x00007ff9159a0000 - 0x00007ff915b30000 	C:\WINDOWS\System32\USER32.dll
0x00007ff914a40000 - 0x00007ff914a60000 	C:\WINDOWS\System32\win32u.dll
0x00007ff9180f0000 - 0x00007ff918118000 	C:\WINDOWS\System32\GDI32.dll
0x00007ff915440000 - 0x00007ff9155d2000 	C:\WINDOWS\System32\gdi32full.dll
0x00007ff9152f0000 - 0x00007ff91538f000 	C:\WINDOWS\System32\msvcp_win.dll
0x00007ff915170000 - 0x00007ff91526a000 	C:\WINDOWS\System32\ucrtbase.dll
0x00007ff8fa470000 - 0x00007ff8fa6d9000 	C:\WINDOWS\WinSxS\amd64_microsoft.windows.common-controls_6595b64144ccf1df_6.0.17134.523_none_fb409dd930672a56\COMCTL32.dll
0x00007ff907fd0000 - 0x00007ff907fda000 	C:\WINDOWS\SYSTEM32\VERSION.dll
0x00007ff9165d0000 - 0x00007ff9168f2000 	C:\WINDOWS\System32\combase.dll
0x00007ff915270000 - 0x00007ff9152ea000 	C:\WINDOWS\System32\bcryptPrimitives.dll
0x00007ff915690000 - 0x00007ff9156bd000 	C:\WINDOWS\System32\IMM32.DLL
0x00007ff8d72d0000 - 0x00007ff8d73bf000 	C:\Program Files\Java\jre-10.0.2\bin\msvcr120.dll
0x00007ff8ed440000 - 0x00007ff8ed4e6000 	C:\Program Files\Java\jre-10.0.2\bin\msvcp120.dll
0x00000000640a0000 - 0x0000000064b10000 	C:\Program Files\Java\jre-10.0.2\bin\server\jvm.dll
0x00007ff916390000 - 0x00007ff916398000 	C:\WINDOWS\System32\PSAPI.DLL
0x00007ff904180000 - 0x00007ff904189000 	C:\WINDOWS\SYSTEM32\WSOCK32.dll
0x00007ff90f060000 - 0x00007ff90f083000 	C:\WINDOWS\SYSTEM32\WINMM.dll
0x00007ff9161b0000 - 0x00007ff91621c000 	C:\WINDOWS\System32\WS2_32.dll
0x00007ff90f030000 - 0x00007ff90f05a000 	C:\WINDOWS\SYSTEM32\WINMMBASE.dll
0x00007ff914580000 - 0x00007ff9145c9000 	C:\WINDOWS\System32\cfgmgr32.dll
0x00007ff90c000000 - 0x00007ff90c00f000 	C:\Program Files\Java\jre-10.0.2\bin\verify.dll
0x00007ff90ff30000 - 0x00007ff9100f9000 	C:\WINDOWS\SYSTEM32\DBGHELP.DLL
0x00007ff901130000 - 0x00007ff901159000 	C:\WINDOWS\SYSTEM32\dbgcore.DLL
0x00007ff9045a0000 - 0x00007ff9045c7000 	C:\Program Files\Java\jre-10.0.2\bin\java.dll
0x00007ff9046d0000 - 0x00007ff904706000 	C:\Program Files\Java\jre-10.0.2\bin\jdwp.dll
0x00007ff904580000 - 0x00007ff904596000 	C:\Program Files\Java\jre-10.0.2\bin\zip.dll
0x00007ff904570000 - 0x00007ff90457a000 	C:\Program Files\Java\jre-10.0.2\bin\jimage.dll
0x00007ff916ca0000 - 0x00007ff9180e0000 	C:\WINDOWS\System32\SHELL32.dll
0x00007ff9155e0000 - 0x00007ff915689000 	C:\WINDOWS\System32\shcore.dll
0x00007ff914a60000 - 0x00007ff91516d000 	C:\WINDOWS\System32\windows.storage.dll
0x00007ff916570000 - 0x00007ff9165c1000 	C:\WINDOWS\System32\shlwapi.dll
0x00007ff9144e0000 - 0x00007ff9144f1000 	C:\WINDOWS\System32\kernel.appcore.dll
0x00007ff914500000 - 0x00007ff91451f000 	C:\WINDOWS\System32\profapi.dll
0x00007ff914480000 - 0x00007ff9144cc000 	C:\WINDOWS\System32\powrprof.dll
0x00007ff9144d0000 - 0x00007ff9144da000 	C:\WINDOWS\System32\FLTLIB.DLL
0x00007ff90d420000 - 0x00007ff90d42a000 	C:\Program Files\Java\jre-10.0.2\bin\dt_socket.dll
0x00007ff913c80000 - 0x00007ff913ce6000 	C:\WINDOWS\System32\mswsock.dll
0x00007ff913a40000 - 0x00007ff913afe000 	C:\WINDOWS\SYSTEM32\DNSAPI.dll
0x00007ff9180e0000 - 0x00007ff9180e8000 	C:\WINDOWS\System32\NSI.dll
0x00007ff913a00000 - 0x00007ff913a38000 	C:\WINDOWS\SYSTEM32\IPHLPAPI.DLL
0x00007ff902080000 - 0x00007ff9020f2000 	C:\WINDOWS\System32\fwpuclnt.dll
0x00007ff913f60000 - 0x00007ff913f85000 	C:\WINDOWS\SYSTEM32\bcrypt.dll
0x00007ff902100000 - 0x00007ff90210a000 	C:\Windows\System32\rasadhlp.dll
0x00007ff902d40000 - 0x00007ff902d5a000 	C:\Program Files\Java\jre-10.0.2\bin\net.dll
0x00007ff90c7c0000 - 0x00007ff90c89d000 	C:\WINDOWS\SYSTEM32\WINHTTP.dll
0x00007ff901590000 - 0x00007ff9015a1000 	C:\Program Files\Java\jre-10.0.2\bin\nio.dll
0x00007ff8f03e0000 - 0x00007ff8f057b000 	C:\Program Files\Java\jre-10.0.2\bin\awt.dll
0x00007ff916900000 - 0x00007ff9169c2000 	C:\WINDOWS\System32\OLEAUT32.dll
0x00007ff90d7d0000 - 0x00007ff90dd97000 	C:\WINDOWS\SYSTEM32\d2d1.dll
0x00007ff90f150000 - 0x00007ff90f1db000 	C:\WINDOWS\SYSTEM32\apphelp.dll
0x00007ff90f420000 - 0x00007ff90f4b8000 	C:\WINDOWS\system32\uxtheme.dll
0x00007ff9169d0000 - 0x00007ff916b43000 	C:\WINDOWS\System32\MSCTF.dll
0x00007ff90f840000 - 0x00007ff90f869000 	C:\WINDOWS\system32\dwmapi.dll
0x00007ff916410000 - 0x00007ff916561000 	C:\WINDOWS\System32\ole32.dll
0x00007ff8fc5c0000 - 0x00007ff8fc6e0000 	C:\WINDOWS\system32\opengl32.dll
0x00007ff901f30000 - 0x00007ff901f5c000 	C:\WINDOWS\SYSTEM32\GLU32.dll
0x00007ff904750000 - 0x00007ff9047b5000 	C:\Program Files\Java\jre-10.0.2\bin\fontmanager.dll
0x00007ff90a320000 - 0x00007ff90a3b6000 	C:\WINDOWS\System32\TextInputFramework.dll
0x00007ff90ea50000 - 0x00007ff90eb2a000 	C:\WINDOWS\System32\CoreMessaging.dll
0x00007ff90a000000 - 0x00007ff90a31e000 	C:\WINDOWS\System32\CoreUIComponents.dll
0x00007ff913550000 - 0x00007ff913581000 	C:\WINDOWS\SYSTEM32\ntmarta.dll
0x00007ff90cb30000 - 0x00007ff90cc7d000 	C:\WINDOWS\SYSTEM32\wintypes.dll
0x00007ff904680000 - 0x00007ff9046c2000 	C:\Program Files\Java\jre-10.0.2\bin\t2k.dll

dbghelp: loaded successfully - version: 4.0.5 - missing functions: none
symbol engine: initialized successfully - sym options: 0x614 - pdb path: .;C:\Program Files\Java\jre-10.0.2\bin;C:\WINDOWS\SYSTEM32;C:\WINDOWS\WinSxS\amd64_microsoft.windows.common-controls_6595b64144ccf1df_6.0.17134.523_none_fb409dd930672a56;C:\Program Files\Java\jre-10.0.2\bin\server

VM Arguments:
jvm_args: -agentlib:jdwp=transport=dt_socket,suspend=y,address=localhost:55395 -Dfile.encoding=Cp1252 
java_command: Design.Init
java_class_path (initial): C:\Program Files\Java\jre-10.0.2\lib\jrt-fs.jar;C:\Users\steca\Documents\GitHub\OOP_Project\bin
Launcher Type: SUN_STANDARD

Logging:
Log output configuration:
#0: stdout all=warning uptime,level,tags
#1: stderr all=off uptime,level,tags

Environment Variables:
JAVA_HOME=C:\Program Files\Java\jdk-10
PATH=C:\Program Files (x86)\Common Files\Oracle\Java\javapath;C:\Program Files (x86)\NVIDIA Corporation\PhysX\Common;C:\ProgramData\Oracle\Java\javapath;C:\Program Files (x86)\Intel\iCLS Client\;C:\Program Files\Intel\iCLS Client\;C:\WINDOWS\system32;C:\WINDOWS;C:\WINDOWS\System32\Wbem;C:\WINDOWS\System32\WindowsPowerShell\v1.0\;C:\Program Files (x86)\Intel\Intel(R) Management Engine Components\DAL;C:\Program Files\Intel\Intel(R) Management Engine Components\DAL;C:\Program Files (x86)\Intel\Intel(R) Management Engine Components\IPT;C:\Program Files\Intel\Intel(R) Management Engine Components\IPT;C:\Program Files\Git\cmd;C:\Program Files\Intel\WiFi\bin\;C:\Program Files\Common Files\Intel\WirelessCommon\;C:\WINDOWS\System32\OpenSSH\;C:\Program Files\Microsoft SQL Server\Client SDK\ODBC\110\Tools\Binn\;C:\Program Files (x86)\Microsoft SQL Server\120\Tools\Binn\;C:\Program Files\Microsoft SQL Server\120\Tools\Binn\;C:\Program Files\Microsoft SQL Server\120\DTS\Binn\;C:\Program Files (x86)\Microsoft SQL Server\120\Tools\Binn\ManagementStudio\;C:\Program Files (x86)\Microsoft SQL Server\120\DTS\Binn\;C:\Program Files (x86)\Windows Kits\8.1\Windows Performance Toolkit\;C:\apache-maven-3.6.0\bin;C:\Program Files\Intel\WiFi\bin\;C:\Program Files\Common Files\Intel\WirelessCommon\;C:\Users\steca\AppData\Roaming\Dashlane\4.6.6.23032\bin\Firefox_Extension\{442718d9-475e-452a-b3e1-fb1ee16b8e9f}\components;C:\Users\steca\AppData\Roaming\Dashlane\5.8.0.17084\bin\Firefox_Extension\{442718d9-475e-452a-b3e1-fb1ee16b8e9f}\components;C:\Users\steca\AppData\Roaming\Dashlane\5.8.0.17084\ucrt;C:\Users\steca\AppData\Local\Microsoft\WindowsApps;C:\Users\steca\AppData\Local\GitHubDesktop\bin
USERNAME=steca
OS=Windows_NT
PROCESSOR_IDENTIFIER=Intel64 Family 6 Model 78 Stepping 3, GenuineIntel



---------------  S Y S T E M  ---------------

OS: Windows 10 , 64 bit Build 17134 (10.0.17134.1)

CPU:total 4 (initial active 4) (2 cores per cpu, 2 threads per core) family 6 model 78 stepping 3, cmov, cx8, fxsr, mmx, sse, sse2, sse3, ssse3, sse4.1, sse4.2, popcnt, avx, avx2, aes, clmul, erms, 3dnowpref, lzcnt, ht, tsc, tscinvbit, bmi1, bmi2, adx, fma

Memory: 4k page, physical 8282724k(4397976k free), swap 9593444k(5063336k free)

vm_info: Java HotSpot(TM) 64-Bit Server VM (10.0.2+13) for windows-amd64 JRE (10.0.2+13), built on Jun 28 2018 01:57:56 by "mach5one" with MS VC++ 12.0 (VS2013)

END.
